<?xml version="1.0" encoding="UTF-8"?>
<testng-results ignored="0" total="1" passed="1" failed="0" skipped="0">
  <reporter-output>
  </reporter-output>
  <suite started-at="2022-10-20T22:19:29 CDT" name="Default suite" finished-at="2022-10-20T23:01:05 CDT" duration-ms="2496050">
    <groups>
    </groups>
    <test started-at="2022-10-20T22:19:29 CDT" name="Default test" finished-at="2022-10-20T23:01:05 CDT" duration-ms="2496050">
      <class name="testCases.test">
        <test-method signature="testCase1()[pri:0, instance:testCases.test@28f2a10f]" started-at="2022-10-20T22:19:29 CDT" name="testCase1" finished-at="2022-10-20T23:01:05 CDT" duration-ms="2496008" status="PASS">
          <reporter-output>
          </reporter-output>
        </test-method> <!-- testCase1 -->
      </class> <!-- testCases.test -->
    </test> <!-- Default test -->
  </suite> <!-- Default suite -->
</testng-results>
