<?xml version="1.0" encoding="UTF-8"?>
<testng-results ignored="0" total="3" passed="3" failed="0" skipped="0">
  <reporter-output>
  </reporter-output>
  <suite started-at="2022-10-21T00:24:31 CDT" name="Default suite" finished-at="2022-10-21T00:24:34 CDT" duration-ms="3118">
    <groups>
    </groups>
    <test started-at="2022-10-21T00:24:31 CDT" name="Default test" finished-at="2022-10-21T00:24:34 CDT" duration-ms="3118">
      <class name="testCases.Test2">
        <test-method signature="testCase2()[pri:0, instance:testCases.Test2@51dcb805]" started-at="2022-10-21T00:24:31 CDT" name="testCase2" finished-at="2022-10-21T00:24:32 CDT" duration-ms="1552" status="PASS">
          <reporter-output>
          </reporter-output>
        </test-method> <!-- testCase2 -->
        <test-method signature="verifyEmployee()[pri:0, instance:testCases.Test2@51dcb805]" started-at="2022-10-21T00:24:32 CDT" name="verifyEmployee" finished-at="2022-10-21T00:24:33 CDT" duration-ms="1097" status="PASS">
          <reporter-output>
          </reporter-output>
        </test-method> <!-- verifyEmployee -->
        <test-method signature="verifyEmployeeSalary()[pri:0, instance:testCases.Test2@51dcb805]" started-at="2022-10-21T00:24:33 CDT" name="verifyEmployeeSalary" finished-at="2022-10-21T00:24:34 CDT" duration-ms="430" status="PASS">
          <reporter-output>
          </reporter-output>
        </test-method> <!-- verifyEmployeeSalary -->
      </class> <!-- testCases.Test2 -->
    </test> <!-- Default test -->
  </suite> <!-- Default suite -->
</testng-results>
