<?xml version="1.0" encoding="UTF-8"?>
<!-- Generated by org.testng.reporters.JUnitXMLReporter -->
<testsuite ignored="0" hostname="LAPTOP-DE-DAVID" failures="0" tests="3" name="Default test" time="3.118" errors="0" timestamp="2022-10-21T00:24:34 CDT">
  <testcase classname="testCases.Test2" name="testCase2" time="1.552"/>
  <testcase classname="testCases.Test2" name="verifyEmployee" time="1.097"/>
  <testcase classname="testCases.Test2" name="verifyEmployeeSalary" time="0.43"/>
</testsuite> <!-- Default test -->
